[debug] [2024-11-17T14:07:17.959Z] ----------------------------------------------------------------------
[debug] [2024-11-17T14:07:17.964Z] Command:       C:\Program Files\nodejs\node.exe C:\Users\송제우\AppData\Roaming\npm\node_modules\firebase-tools\lib\bin\firebase.js init
[debug] [2024-11-17T14:07:17.965Z] CLI Version:   13.25.0
[debug] [2024-11-17T14:07:17.965Z] Platform:      win32
[debug] [2024-11-17T14:07:17.966Z] Node Version:  v20.10.0
[debug] [2024-11-17T14:07:17.966Z] Time:          Sun Nov 17 2024 23:07:17 GMT+0900 (대한민국 표준시)
[debug] [2024-11-17T14:07:17.966Z] ----------------------------------------------------------------------
[debug] 
[debug] [2024-11-17T14:07:18.056Z] > command requires scopes: ["email","openid","https://www.googleapis.com/auth/cloudplatformprojects.readonly","https://www.googleapis.com/auth/firebase","https://www.googleapis.com/auth/cloud-platform"]
[debug] [2024-11-17T14:07:18.057Z] > authorizing via signed-in user (wpdn98@gmail.com)
[info] 
     ######## #### ########  ######## ########     ###     ######  ########
     ##        ##  ##     ## ##       ##     ##  ##   ##  ##       ##
     ######    ##  ########  ######   ########  #########  ######  ######
     ##        ##  ##    ##  ##       ##     ## ##     ##       ## ##
     ##       #### ##     ## ######## ########  ##     ##  ######  ########

You're about to initialize a Firebase project in this directory:

  C:\Users\송제우\OneDrive\바탕 화면\capstone\weride

Before we get started, keep in mind:

  * You are initializing within an existing Firebase project directory

